651759 : 2020-12-04 11:23:28,904 : INFO : telemetry.main : Attempt start. Configuration directory [/home/jimmy/.azure].
651759 : 2020-12-04 11:23:28,904 : INFO : telemetry.check : Positive: The /home/jimmy/.azure/telemetry.txt does not exist.
651759 : 2020-12-04 11:23:28,904 : DEBUG : telemetry.note : acquiring lock
651759 : 2020-12-04 11:23:28,905 : DEBUG : telemetry.note : acquired lock
651759 : 2020-12-04 11:23:28,905 : INFO : telemetry.note : Update the note mtime to 2020-12-04 11:23:28.905164
651759 : 2020-12-04 11:23:28,905 : WARNING : telemetry.note : Fail to parse or read the timestamp 'N/A' in the note file. Set the last send time to minimal. Reason: not readable
651759 : 2020-12-04 11:23:28,905 : INFO : telemetry.records : No cache to be uploaded.
651759 : 2020-12-04 11:23:28,905 : INFO : telemetry.client : Accumulated 0 events. Flush the clients.
651759 : 2020-12-04 11:23:28,905 : INFO : telemetry.note : Update the last send in note to 0001-01-01 00:00:00
651759 : 2020-12-04 11:23:28,905 : INFO : telemetry.note : Update the note mtime to 2020-12-04 11:23:28.905684
711072 : 2020-12-04 12:04:36,645 : INFO : telemetry.main : Attempt start. Configuration directory [/home/jimmy/.azure].
711072 : 2020-12-04 12:04:36,645 : INFO : telemetry.check : Returns Positive.
711072 : 2020-12-04 12:04:36,646 : DEBUG : telemetry.note : acquiring lock
711072 : 2020-12-04 12:04:36,646 : DEBUG : telemetry.note : acquired lock
711072 : 2020-12-04 12:04:36,646 : INFO : telemetry.note : Update the note mtime to 2020-12-04 12:04:36.646246
711072 : 2020-12-04 12:04:36,648 : WARNING : telemetry.note : Fail to parse or read the timestamp '1-01-01T00:00:00' in the note file. Set the last send time to minimal. Reason: time data '1-01-01T00:00:00' does not match format '%Y-%m-%dT%H:%M:%S'
711072 : 2020-12-04 12:04:36,648 : INFO : telemetry.records : No cache to be uploaded.
711072 : 2020-12-04 12:04:36,648 : INFO : telemetry.client : Accumulated 0 events. Flush the clients.
711072 : 2020-12-04 12:04:36,648 : INFO : telemetry.note : Update the last send in note to 0001-01-01 00:00:00
711072 : 2020-12-04 12:04:36,648 : INFO : telemetry.note : Update the note mtime to 2020-12-04 12:04:36.648971
