621996 : 2020-12-04 11:07:31,784 : INFO : telemetry.main : Attempt start. Configuration directory [/root/.azure].
621996 : 2020-12-04 11:07:31,784 : INFO : telemetry.check : Positive: The /root/.azure/telemetry.txt does not exist.
621996 : 2020-12-04 11:07:31,784 : DEBUG : telemetry.note : acquiring lock
621996 : 2020-12-04 11:07:31,784 : DEBUG : telemetry.note : acquired lock
621996 : 2020-12-04 11:07:31,784 : INFO : telemetry.note : Update the note mtime to 2020-12-04 11:07:31.784872
621996 : 2020-12-04 11:07:31,784 : WARNING : telemetry.note : Fail to parse or read the timestamp 'N/A' in the note file. Set the last send time to minimal. Reason: not readable
621996 : 2020-12-04 11:07:31,785 : INFO : telemetry.records : No cache to be uploaded.
621996 : 2020-12-04 11:07:31,785 : INFO : telemetry.client : Accumulated 0 events. Flush the clients.
621996 : 2020-12-04 11:07:31,785 : INFO : telemetry.note : Update the last send in note to 0001-01-01 00:00:00
621996 : 2020-12-04 11:07:31,785 : INFO : telemetry.note : Update the note mtime to 2020-12-04 11:07:31.785226
651086 : 2020-12-04 11:23:06,456 : INFO : telemetry.main : Attempt start. Configuration directory [/root/.azure].
651086 : 2020-12-04 11:23:06,457 : INFO : telemetry.check : Returns Positive.
651086 : 2020-12-04 11:23:06,458 : DEBUG : telemetry.note : acquiring lock
651086 : 2020-12-04 11:23:06,458 : DEBUG : telemetry.note : acquired lock
651086 : 2020-12-04 11:23:06,458 : INFO : telemetry.note : Update the note mtime to 2020-12-04 11:23:06.458317
651086 : 2020-12-04 11:23:06,460 : WARNING : telemetry.note : Fail to parse or read the timestamp '1-01-01T00:00:00' in the note file. Set the last send time to minimal. Reason: time data '1-01-01T00:00:00' does not match format '%Y-%m-%dT%H:%M:%S'
651086 : 2020-12-04 11:23:06,460 : INFO : telemetry.records : No cache to be uploaded.
651086 : 2020-12-04 11:23:06,460 : INFO : telemetry.client : Accumulated 0 events. Flush the clients.
651086 : 2020-12-04 11:23:06,461 : INFO : telemetry.note : Update the last send in note to 0001-01-01 00:00:00
651086 : 2020-12-04 11:23:06,461 : INFO : telemetry.note : Update the note mtime to 2020-12-04 11:23:06.461092
